#-----------------------------------------------------------
# Vivado v2023.2 (64-bit)
# SW Build 4029153 on Fri Oct 13 20:14:34 MDT 2023
# IP Build 4028589 on Sat Oct 14 00:45:43 MDT 2023
# SharedData Build 4025554 on Tue Oct 10 17:18:54 MDT 2023
# Start of session at: Tue Sep 24 18:55:07 2024
# Process ID: 21832
# Current directory: C:/Users/perdo/Documents/Prosjekt Orbit/Prosjekt-Orbit/ANDprosjekt
# Command line: vivado.exe -mode batch -source .\flash.tcl
# Log file: C:/Users/perdo/Documents/Prosjekt Orbit/Prosjekt-Orbit/ANDprosjekt/vivado.log
# Journal file: C:/Users/perdo/Documents/Prosjekt Orbit/Prosjekt-Orbit/ANDprosjekt\vivado.jou
# Running On: DESKTOP-E28LBAG, OS: Windows, CPU Frequency: 1190 MHz, CPU Physical cores: 4, Host memory: 8260 MB
#-----------------------------------------------------------
source {.\flash.tcl}
# open_hw_manager
open_hw_manager: Time (s): cpu = 00:00:12 ; elapsed = 00:00:23 . Memory (MB): peak = 466.555 ; gain = 186.324
# connect_hw_server -allow_non_jtag
INFO: [Labtools 27-2285] Connecting to hw_server url TCP:localhost:3121
INFO: [Labtools 27-2222] Launching hw_server...
INFO: [Labtools 27-2221] Launch Output:
ECHO is off.
ECHO is off.

****** Xilinx hw_server v2023.2
  **** Build date : Oct 13 2023 at 21:31:40
    ** Copyright 1986-2022 Xilinx, Inc. All Rights Reserved.


INFO: [Labtools 27-3415] Connecting to cs_server url TCP:localhost:0
INFO: [Labtools 27-3417] Launching cs_server...
INFO: [Labtools 27-2221] Launch Output:
ECHO is off.
ECHO is off.


******** Xilinx cs_server v2023.2.0
  ****** Build date   : Oct 10 2023-06:01:56
    **** Build number : 2023.2.1696910516
      ** Copyright 2017-2022 Xilinx, Inc. All Rights Reserved.
      ** Copyright 2022-2024 Advanced Micro Devices, Inc. All Rights Reserved.



connect_hw_server: Time (s): cpu = 00:00:00 ; elapsed = 00:00:11 . Memory (MB): peak = 470.535 ; gain = 3.980
# open_hw_target
INFO: [Labtoolstcl 44-466] Opening hw_target localhost:3121/xilinx_tcf/Digilent/210183B5A5B1A
# current_hw_device [get_hw_devices xc7a35t_0]
# set_property PROBES.FILE {} [get_hw_devices xc7a35t_0]
# set_property FULL_PROBES.FILE {} [get_hw_devices xc7a35t_0]
# set_property PROGRAM.FILE {out/test.bit} [get_hw_devices xc7a35t_0]
# program_hw_devices [get_hw_devices xc7a35t_0]
INFO: [Labtools 27-3164] End of startup status: HIGH
INFO: [Common 17-206] Exiting Vivado at Tue Sep 24 18:55:49 2024...
